Hyper-parameters:

  batch_size   16
  optimizer  adam
  lr           0.005
  lr_decrease_epoch 20
  lr_decrease_by    0.01


processing train1:

Epoch 1, train loss = 0.631, valid loss = 0.511, time 0m 0s
Epoch 2, train loss = 0.570, valid loss = 0.513, time 0m 0s
Epoch 3, train loss = 0.544, valid loss = 0.508, time 0m 0s
Epoch 4, train loss = 0.531, valid loss = 0.485, time 0m 0s
Epoch 5, train loss = 0.540, valid loss = 0.503, time 0m 0s
Epoch 6, train loss = 0.538, valid loss = 0.493, time 0m 0s
Epoch 7, train loss = 0.520, valid loss = 0.491, time 0m 0s
Epoch 8, train loss = 0.518, valid loss = 0.486, time 0m 0s
Epoch 9, train loss = 0.527, valid loss = 0.486, time 0m 1s
Epoch 10, train loss = 0.529, valid loss = 0.487, time 0m 1s
Epoch 11, train loss = 0.536, valid loss = 0.491, time 0m 1s
Epoch 12, train loss = 0.509, valid loss = 0.488, time 0m 1s
Epoch 13, train loss = 0.507, valid loss = 0.481, time 0m 1s
Epoch 14, train loss = 0.518, valid loss = 0.488, time 0m 1s
Epoch 15, train loss = 0.513, valid loss = 0.485, time 0m 1s
Epoch 16, train loss = 0.514, valid loss = 0.480, time 0m 1s
Epoch 17, train loss = 0.524, valid loss = 0.486, time 0m 1s
Epoch 18, train loss = 0.517, valid loss = 0.476, time 0m 1s
Epoch 19, train loss = 0.520, valid loss = 0.482, time 0m 1s
Epoch 20, train loss = 0.500, valid loss = 0.483, time 0m 1s
Epoch 21, train loss = 0.507, valid loss = 0.482, time 0m 1s
Epoch 22, train loss = 0.514, valid loss = 0.479, time 0m 1s
Epoch 23, train loss = 0.529, valid loss = 0.478, time 0m 1s
Epoch 24, train loss = 0.504, valid loss = 0.479, time 0m 1s
Epoch 25, train loss = 0.511, valid loss = 0.487, time 0m 1s
Epoch 26, train loss = 0.517, valid loss = 0.487, time 0m 2s
Epoch 27, train loss = 0.511, valid loss = 0.481, time 0m 2s
Epoch 28, train loss = 0.509, valid loss = 0.486, time 0m 2s
Epoch 29, train loss = 0.514, valid loss = 0.484, time 0m 2s
Epoch 30, train loss = 0.518, valid loss = 0.481, time 0m 2s
Epoch 31, train loss = 0.516, valid loss = 0.490, time 0m 2s
Epoch 32, train loss = 0.496, valid loss = 0.488, time 0m 2s
Epoch 33, train loss = 0.496, valid loss = 0.489, time 0m 2s
Epoch 34, train loss = 0.512, valid loss = 0.495, time 0m 2s
Epoch 35, train loss = 0.495, valid loss = 0.489, time 0m 2s
Epoch 36, train loss = 0.515, valid loss = 0.495, time 0m 2s
Epoch 37, train loss = 0.500, valid loss = 0.489, time 0m 2s
Epoch 38, train loss = 0.513, valid loss = 0.493, time 0m 2s
Epoch 39, train loss = 0.514, valid loss = 0.491, time 0m 2s
Epoch 40, train loss = 0.508, valid loss = 0.492, time 0m 2s

Select best Epoch:
Epoch 20, train loss = 0.500, valid loss = 0.483, Spearmanr = -0.79
Epoch 40, train loss = 0.508, valid loss = 0.492, Spearmanr = 0.85
Final Epoch: 20

valid for train1:
  tp=104, tn=56, fp=21, fn=17
  se=0.8595, sp=0.7273, acc=0.8081, mcc=0.593, auc=0.843


processing train2:

Epoch 1, train loss = 0.677, valid loss = 0.546, time 0m 2s
Epoch 2, train loss = 0.589, valid loss = 0.531, time 0m 3s
Epoch 3, train loss = 0.538, valid loss = 0.510, time 0m 3s
Epoch 4, train loss = 0.543, valid loss = 0.502, time 0m 3s
Epoch 5, train loss = 0.549, valid loss = 0.505, time 0m 3s
Epoch 6, train loss = 0.538, valid loss = 0.506, time 0m 3s
Epoch 7, train loss = 0.527, valid loss = 0.503, time 0m 3s
Epoch 8, train loss = 0.524, valid loss = 0.498, time 0m 3s
Epoch 9, train loss = 0.525, valid loss = 0.502, time 0m 3s
Epoch 10, train loss = 0.518, valid loss = 0.494, time 0m 3s
Epoch 11, train loss = 0.536, valid loss = 0.499, time 0m 3s
Epoch 12, train loss = 0.520, valid loss = 0.493, time 0m 3s
Epoch 13, train loss = 0.514, valid loss = 0.492, time 0m 3s
Epoch 14, train loss = 0.527, valid loss = 0.493, time 0m 3s
Epoch 15, train loss = 0.523, valid loss = 0.495, time 0m 3s
Epoch 16, train loss = 0.525, valid loss = 0.496, time 0m 3s
Epoch 17, train loss = 0.511, valid loss = 0.494, time 0m 3s
Epoch 18, train loss = 0.528, valid loss = 0.496, time 0m 3s
Epoch 19, train loss = 0.512, valid loss = 0.493, time 0m 3s
Epoch 20, train loss = 0.511, valid loss = 0.494, time 0m 3s
Epoch 21, train loss = 0.510, valid loss = 0.491, time 0m 4s
Epoch 22, train loss = 0.512, valid loss = 0.494, time 0m 4s
Epoch 23, train loss = 0.503, valid loss = 0.493, time 0m 4s
Epoch 24, train loss = 0.503, valid loss = 0.494, time 0m 4s
Epoch 25, train loss = 0.510, valid loss = 0.493, time 0m 4s
Epoch 26, train loss = 0.516, valid loss = 0.496, time 0m 4s
Epoch 27, train loss = 0.506, valid loss = 0.490, time 0m 4s
Epoch 28, train loss = 0.512, valid loss = 0.493, time 0m 4s
Epoch 29, train loss = 0.518, valid loss = 0.494, time 0m 4s
Epoch 30, train loss = 0.510, valid loss = 0.494, time 0m 4s
Epoch 31, train loss = 0.511, valid loss = 0.493, time 0m 4s
Epoch 32, train loss = 0.507, valid loss = 0.490, time 0m 4s
Epoch 33, train loss = 0.518, valid loss = 0.492, time 0m 4s
Epoch 34, train loss = 0.510, valid loss = 0.491, time 0m 4s
Epoch 35, train loss = 0.519, valid loss = 0.496, time 0m 4s
Epoch 36, train loss = 0.501, valid loss = 0.487, time 0m 4s
Epoch 37, train loss = 0.512, valid loss = 0.492, time 0m 4s
Epoch 38, train loss = 0.513, valid loss = 0.488, time 0m 4s
Epoch 39, train loss = 0.510, valid loss = 0.491, time 0m 4s
Epoch 40, train loss = 0.520, valid loss = 0.489, time 0m 4s
Epoch 41, train loss = 0.512, valid loss = 0.489, time 0m 5s
Epoch 42, train loss = 0.506, valid loss = 0.487, time 0m 5s
Epoch 43, train loss = 0.503, valid loss = 0.487, time 0m 5s
Epoch 44, train loss = 0.496, valid loss = 0.482, time 0m 5s
Epoch 45, train loss = 0.510, valid loss = 0.487, time 0m 5s
Epoch 46, train loss = 0.512, valid loss = 0.485, time 0m 5s
Epoch 47, train loss = 0.504, valid loss = 0.485, time 0m 5s
Epoch 48, train loss = 0.505, valid loss = 0.489, time 0m 5s
Epoch 49, train loss = 0.499, valid loss = 0.480, time 0m 5s
Epoch 50, train loss = 0.495, valid loss = 0.485, time 0m 5s
Epoch 51, train loss = 0.501, valid loss = 0.482, time 0m 5s
Epoch 52, train loss = 0.506, valid loss = 0.485, time 0m 5s
Epoch 53, train loss = 0.506, valid loss = 0.482, time 0m 5s
Epoch 54, train loss = 0.509, valid loss = 0.484, time 0m 5s
Epoch 55, train loss = 0.502, valid loss = 0.482, time 0m 5s
Epoch 56, train loss = 0.508, valid loss = 0.483, time 0m 5s
Epoch 57, train loss = 0.501, valid loss = 0.482, time 0m 5s
Epoch 58, train loss = 0.512, valid loss = 0.484, time 0m 5s
Epoch 59, train loss = 0.508, valid loss = 0.484, time 0m 5s
Epoch 60, train loss = 0.506, valid loss = 0.482, time 0m 5s
Epoch 61, train loss = 0.502, valid loss = 0.482, time 0m 5s
Epoch 62, train loss = 0.498, valid loss = 0.483, time 0m 6s
Epoch 63, train loss = 0.504, valid loss = 0.489, time 0m 6s
Epoch 64, train loss = 0.513, valid loss = 0.494, time 0m 6s
Epoch 65, train loss = 0.507, valid loss = 0.487, time 0m 6s
Epoch 66, train loss = 0.501, valid loss = 0.487, time 0m 6s
Epoch 67, train loss = 0.506, valid loss = 0.486, time 0m 6s
Epoch 68, train loss = 0.514, valid loss = 0.491, time 0m 6s
Epoch 69, train loss = 0.503, valid loss = 0.490, time 0m 6s
Epoch 70, train loss = 0.510, valid loss = 0.484, time 0m 6s
Epoch 71, train loss = 0.501, valid loss = 0.483, time 0m 6s
Epoch 72, train loss = 0.508, valid loss = 0.484, time 0m 6s
Epoch 73, train loss = 0.503, valid loss = 0.489, time 0m 6s
Epoch 74, train loss = 0.497, valid loss = 0.489, time 0m 6s
Epoch 75, train loss = 0.504, valid loss = 0.493, time 0m 6s
Epoch 76, train loss = 0.502, valid loss = 0.490, time 0m 6s
Epoch 77, train loss = 0.514, valid loss = 0.491, time 0m 6s
Epoch 78, train loss = 0.501, valid loss = 0.490, time 0m 6s
Epoch 79, train loss = 0.503, valid loss = 0.488, time 0m 6s
Epoch 80, train loss = 0.511, valid loss = 0.493, time 0m 6s

Select best Epoch:
Epoch 20, train loss = 0.511, valid loss = 0.494, Spearmanr = -0.81
Epoch 40, train loss = 0.520, valid loss = 0.489, Spearmanr = -0.46
Epoch 60, train loss = 0.506, valid loss = 0.482, Spearmanr = -0.62
Epoch 80, train loss = 0.511, valid loss = 0.493, Spearmanr = 0.43
Final Epoch: 60

valid for train2:
  tp=100, tn=48, fp=28, fn=21
  se=0.8264, sp=0.6316, acc=0.7513, mcc=0.467, auc=0.807


processing train3:

Epoch 1, train loss = 0.621, valid loss = 0.559, time 0m 6s
Epoch 2, train loss = 0.546, valid loss = 0.538, time 0m 7s
Epoch 3, train loss = 0.545, valid loss = 0.531, time 0m 7s
Epoch 4, train loss = 0.521, valid loss = 0.526, time 0m 7s
Epoch 5, train loss = 0.543, valid loss = 0.524, time 0m 7s
Epoch 6, train loss = 0.535, valid loss = 0.530, time 0m 7s
Epoch 7, train loss = 0.540, valid loss = 0.522, time 0m 7s
Epoch 8, train loss = 0.530, valid loss = 0.514, time 0m 7s
Epoch 9, train loss = 0.520, valid loss = 0.517, time 0m 7s
Epoch 10, train loss = 0.519, valid loss = 0.515, time 0m 7s
Epoch 11, train loss = 0.530, valid loss = 0.516, time 0m 7s
Epoch 12, train loss = 0.524, valid loss = 0.509, time 0m 7s
Epoch 13, train loss = 0.513, valid loss = 0.502, time 0m 7s
Epoch 14, train loss = 0.514, valid loss = 0.504, time 0m 7s
Epoch 15, train loss = 0.521, valid loss = 0.504, time 0m 7s
Epoch 16, train loss = 0.527, valid loss = 0.502, time 0m 7s
Epoch 17, train loss = 0.521, valid loss = 0.499, time 0m 7s
Epoch 18, train loss = 0.508, valid loss = 0.499, time 0m 7s
Epoch 19, train loss = 0.512, valid loss = 0.499, time 0m 7s
Epoch 20, train loss = 0.505, valid loss = 0.501, time 0m 7s
Epoch 21, train loss = 0.515, valid loss = 0.501, time 0m 7s
Epoch 22, train loss = 0.507, valid loss = 0.500, time 0m 7s
Epoch 23, train loss = 0.511, valid loss = 0.497, time 0m 8s
Epoch 24, train loss = 0.517, valid loss = 0.498, time 0m 8s
Epoch 25, train loss = 0.517, valid loss = 0.498, time 0m 8s
Epoch 26, train loss = 0.511, valid loss = 0.496, time 0m 8s
Epoch 27, train loss = 0.520, valid loss = 0.498, time 0m 8s
Epoch 28, train loss = 0.504, valid loss = 0.491, time 0m 8s
Epoch 29, train loss = 0.507, valid loss = 0.494, time 0m 8s
Epoch 30, train loss = 0.503, valid loss = 0.489, time 0m 8s
Epoch 31, train loss = 0.501, valid loss = 0.488, time 0m 8s
Epoch 32, train loss = 0.506, valid loss = 0.494, time 0m 8s
Epoch 33, train loss = 0.505, valid loss = 0.492, time 0m 8s
Epoch 34, train loss = 0.516, valid loss = 0.492, time 0m 8s
Epoch 35, train loss = 0.524, valid loss = 0.491, time 0m 8s
Epoch 36, train loss = 0.509, valid loss = 0.489, time 0m 8s
Epoch 37, train loss = 0.518, valid loss = 0.492, time 0m 8s
Epoch 38, train loss = 0.501, valid loss = 0.494, time 0m 8s
Epoch 39, train loss = 0.510, valid loss = 0.493, time 0m 8s
Epoch 40, train loss = 0.508, valid loss = 0.487, time 0m 8s
Epoch 41, train loss = 0.508, valid loss = 0.490, time 0m 8s
Epoch 42, train loss = 0.502, valid loss = 0.488, time 0m 8s
Epoch 43, train loss = 0.508, valid loss = 0.484, time 0m 9s
Epoch 44, train loss = 0.506, valid loss = 0.485, time 0m 9s
Epoch 45, train loss = 0.511, valid loss = 0.486, time 0m 9s
Epoch 46, train loss = 0.503, valid loss = 0.486, time 0m 9s
Epoch 47, train loss = 0.506, valid loss = 0.487, time 0m 9s
Epoch 48, train loss = 0.505, valid loss = 0.487, time 0m 9s
Epoch 49, train loss = 0.506, valid loss = 0.490, time 0m 9s
Epoch 50, train loss = 0.498, valid loss = 0.488, time 0m 9s
Epoch 51, train loss = 0.500, valid loss = 0.486, time 0m 9s
Epoch 52, train loss = 0.506, valid loss = 0.491, time 0m 9s
Epoch 53, train loss = 0.505, valid loss = 0.490, time 0m 9s
Epoch 54, train loss = 0.507, valid loss = 0.489, time 0m 9s
Epoch 55, train loss = 0.494, valid loss = 0.487, time 0m 9s
Epoch 56, train loss = 0.506, valid loss = 0.491, time 0m 9s
Epoch 57, train loss = 0.508, valid loss = 0.489, time 0m 9s
Epoch 58, train loss = 0.509, valid loss = 0.487, time 0m 9s
Epoch 59, train loss = 0.505, valid loss = 0.485, time 0m 9s
Epoch 60, train loss = 0.505, valid loss = 0.485, time 0m 9s

Select best Epoch:
Epoch 20, train loss = 0.505, valid loss = 0.501, Spearmanr = -0.96
Epoch 40, train loss = 0.508, valid loss = 0.487, Spearmanr = -0.73
Epoch 60, train loss = 0.505, valid loss = 0.485, Spearmanr = 0.10
Final Epoch: 40

valid for train3:
  tp=103, tn=50, fp=26, fn=18
  se=0.8512, sp=0.6579, acc=0.7766, mcc=0.521, auc=0.810


processing train4:

Epoch 1, train loss = 0.625, valid loss = 0.523, time 0m 9s
Epoch 2, train loss = 0.568, valid loss = 0.492, time 0m 9s
Epoch 3, train loss = 0.552, valid loss = 0.486, time 0m 9s
Epoch 4, train loss = 0.523, valid loss = 0.487, time 0m 10s
Epoch 5, train loss = 0.527, valid loss = 0.483, time 0m 10s
Epoch 6, train loss = 0.539, valid loss = 0.484, time 0m 10s
Epoch 7, train loss = 0.520, valid loss = 0.482, time 0m 10s
Epoch 8, train loss = 0.520, valid loss = 0.484, time 0m 10s
Epoch 9, train loss = 0.526, valid loss = 0.485, time 0m 10s
Epoch 10, train loss = 0.523, valid loss = 0.481, time 0m 10s
Epoch 11, train loss = 0.519, valid loss = 0.489, time 0m 10s
Epoch 12, train loss = 0.514, valid loss = 0.485, time 0m 10s
Epoch 13, train loss = 0.519, valid loss = 0.487, time 0m 10s
Epoch 14, train loss = 0.516, valid loss = 0.484, time 0m 10s
Epoch 15, train loss = 0.504, valid loss = 0.487, time 0m 10s
Epoch 16, train loss = 0.509, valid loss = 0.482, time 0m 10s
Epoch 17, train loss = 0.511, valid loss = 0.487, time 0m 10s
Epoch 18, train loss = 0.510, valid loss = 0.480, time 0m 10s
Epoch 19, train loss = 0.509, valid loss = 0.478, time 0m 10s
Epoch 20, train loss = 0.506, valid loss = 0.477, time 0m 10s
Epoch 21, train loss = 0.513, valid loss = 0.477, time 0m 10s
Epoch 22, train loss = 0.505, valid loss = 0.486, time 0m 10s
Epoch 23, train loss = 0.509, valid loss = 0.481, time 0m 10s
Epoch 24, train loss = 0.502, valid loss = 0.480, time 0m 10s
Epoch 25, train loss = 0.500, valid loss = 0.482, time 0m 11s
Epoch 26, train loss = 0.514, valid loss = 0.488, time 0m 11s
Epoch 27, train loss = 0.503, valid loss = 0.477, time 0m 11s
Epoch 28, train loss = 0.506, valid loss = 0.481, time 0m 11s
Epoch 29, train loss = 0.507, valid loss = 0.475, time 0m 11s
Epoch 30, train loss = 0.510, valid loss = 0.483, time 0m 11s
Epoch 31, train loss = 0.511, valid loss = 0.484, time 0m 11s
Epoch 32, train loss = 0.505, valid loss = 0.482, time 0m 11s
Epoch 33, train loss = 0.502, valid loss = 0.484, time 0m 11s
Epoch 34, train loss = 0.515, valid loss = 0.486, time 0m 11s
Epoch 35, train loss = 0.513, valid loss = 0.482, time 0m 11s
Epoch 36, train loss = 0.500, valid loss = 0.478, time 0m 11s
Epoch 37, train loss = 0.510, valid loss = 0.485, time 0m 11s
Epoch 38, train loss = 0.504, valid loss = 0.483, time 0m 11s
Epoch 39, train loss = 0.492, valid loss = 0.479, time 0m 11s
Epoch 40, train loss = 0.509, valid loss = 0.484, time 0m 11s

Select best Epoch:
Epoch 20, train loss = 0.506, valid loss = 0.477, Spearmanr = -0.51
Epoch 40, train loss = 0.509, valid loss = 0.484, Spearmanr = 0.19
Final Epoch: 20

valid for train4:
  tp=96, tn=52, fp=24, fn=25
  se=0.7934, sp=0.6842, acc=0.7513, mcc=0.476, auc=0.795


processing train5:

Epoch 1, train loss = 0.621, valid loss = 0.565, time 0m 11s
Epoch 2, train loss = 0.563, valid loss = 0.512, time 0m 11s
Epoch 3, train loss = 0.541, valid loss = 0.525, time 0m 11s
Epoch 4, train loss = 0.531, valid loss = 0.518, time 0m 11s
Epoch 5, train loss = 0.525, valid loss = 0.516, time 0m 12s
Epoch 6, train loss = 0.523, valid loss = 0.524, time 0m 12s
Epoch 7, train loss = 0.527, valid loss = 0.526, time 0m 12s
Epoch 8, train loss = 0.512, valid loss = 0.520, time 0m 12s
Epoch 9, train loss = 0.510, valid loss = 0.527, time 0m 12s
Epoch 10, train loss = 0.530, valid loss = 0.530, time 0m 12s
Epoch 11, train loss = 0.518, valid loss = 0.532, time 0m 12s
Epoch 12, train loss = 0.500, valid loss = 0.532, time 0m 12s
Epoch 13, train loss = 0.507, valid loss = 0.539, time 0m 12s
Epoch 14, train loss = 0.510, valid loss = 0.541, time 0m 12s
Epoch 15, train loss = 0.514, valid loss = 0.560, time 0m 12s
Epoch 16, train loss = 0.504, valid loss = 0.560, time 0m 12s
Epoch 17, train loss = 0.508, valid loss = 0.566, time 0m 12s
Epoch 18, train loss = 0.507, valid loss = 0.569, time 0m 12s
Epoch 19, train loss = 0.505, valid loss = 0.557, time 0m 12s
Epoch 20, train loss = 0.497, valid loss = 0.581, time 0m 12s
Epoch 21, train loss = 0.502, valid loss = 0.577, time 0m 12s
Epoch 22, train loss = 0.502, valid loss = 0.556, time 0m 12s
Epoch 23, train loss = 0.493, valid loss = 0.576, time 0m 12s
Epoch 24, train loss = 0.496, valid loss = 0.587, time 0m 12s
Epoch 25, train loss = 0.491, valid loss = 0.604, time 0m 12s
Epoch 26, train loss = 0.503, valid loss = 0.580, time 0m 13s
Epoch 27, train loss = 0.498, valid loss = 0.597, time 0m 13s
Epoch 28, train loss = 0.489, valid loss = 0.579, time 0m 13s
Epoch 29, train loss = 0.488, valid loss = 0.581, time 0m 13s
Epoch 30, train loss = 0.501, valid loss = 0.580, time 0m 13s
Epoch 31, train loss = 0.506, valid loss = 0.588, time 0m 13s
Epoch 32, train loss = 0.491, valid loss = 0.614, time 0m 13s
Epoch 33, train loss = 0.497, valid loss = 0.586, time 0m 13s
Epoch 34, train loss = 0.503, valid loss = 0.573, time 0m 13s
Epoch 35, train loss = 0.490, valid loss = 0.603, time 0m 13s
Epoch 36, train loss = 0.496, valid loss = 0.588, time 0m 13s
Epoch 37, train loss = 0.490, valid loss = 0.592, time 0m 13s
Epoch 38, train loss = 0.493, valid loss = 0.588, time 0m 13s
Epoch 39, train loss = 0.486, valid loss = 0.601, time 0m 13s
Epoch 40, train loss = 0.489, valid loss = 0.605, time 0m 13s

Select best Epoch:
Epoch 20, train loss = 0.497, valid loss = 0.581, Spearmanr = 0.75
Epoch 40, train loss = 0.489, valid loss = 0.605, Spearmanr = 0.55
Final Epoch: 20

valid for train5:
  tp=92, tn=49, fp=27, fn=29
  se=0.7603, sp=0.6447, acc=0.7157, mcc=0.403, auc=0.730


Validation set:
  tp=495, tn=255, fp=126, fn=110
  se=0.8182, sp=0.6693, acc=0.7606, mcc=0.492, auc=0.807


Training set:
  tp=505, tn=248, fp=133, fn=100
  se=0.8347, sp=0.6509, acc=0.7637, mcc=0.495, auc=0.823


Test set:
  tp=99, tn=46, fp=28, fn=19
  se=0.8390, sp=0.6216, acc=0.7552, mcc=0.474, auc=0.831


Valid	76.06	0.492	0.807
Train	76.37	0.495	0.823
Test	99	46	28	19	83.90	62.16	75.52	0.474	0.831
